[E 241004 10:19:30 smartConnect:221] Error occurred while making a POST request to https://apiconnect.angelone.in/rest/auth/angelbroking/user/v1/loginByPassword. Headers: {'Content-type': 'application/json', 'X-ClientLocalIP': '127.0.0.1', 'X-ClientPublicIP': '106.193.147.98', 'X-MACAddress': '10:65:30:31:40:06', 'Accept': 'application/json', 'X-PrivateKey': 'fqBFcZEU', 'X-UserType': 'USER', 'X-SourceID': 'WEB'}, Request: {'clientcode': 'L54010', 'password': '1905', 'totp': '574407'}, Response: HTTPSConnectionPool(host='apiconnect.angelone.in', port=443): Max retries exceeded with url: /rest/auth/angelbroking/user/v1/loginByPassword (Caused by NameResolutionError("<urllib3.connection.HTTPSConnection object at 0x0000017DF83F0A40>: Failed to resolve 'apiconnect.angelone.in' ([Errno 11001] getaddrinfo failed)"))
[W 241004 10:54:03 smartWebSocketV2:319] Attempting to resubscribe/reconnect (Attempt 1)...
[W 241004 10:54:13 smartWebSocketV2:319] Attempting to resubscribe/reconnect (Attempt 2)...
[W 241004 10:54:23 smartWebSocketV2:319] Attempting to resubscribe/reconnect (Attempt 3)...
[W 241004 10:54:33 smartWebSocketV2:343] Connection closed due to max retry attempts reached.
[W 241004 10:54:33 smartWebSocketV2:343] Connection closed due to max retry attempts reached.
[W 241004 10:54:33 smartWebSocketV2:343] Connection closed due to max retry attempts reached.
[W 241004 10:54:33 smartWebSocketV2:343] Connection closed due to max retry attempts reached.
[W 241004 10:54:33 smartWebSocketV2:343] Connection closed due to max retry attempts reached.
[W 241004 10:54:48 smartWebSocketV2:319] Attempting to resubscribe/reconnect (Attempt 1)...
[W 241004 10:54:58 smartWebSocketV2:319] Attempting to resubscribe/reconnect (Attempt 2)...
[W 241004 10:55:08 smartWebSocketV2:319] Attempting to resubscribe/reconnect (Attempt 3)...
[W 241004 10:55:26 smartWebSocketV2:319] Attempting to resubscribe/reconnect (Attempt 1)...
[W 241004 10:55:36 smartWebSocketV2:319] Attempting to resubscribe/reconnect (Attempt 2)...
[W 241004 10:55:46 smartWebSocketV2:319] Attempting to resubscribe/reconnect (Attempt 3)...
[W 241004 10:55:58 smartWebSocketV2:343] Connection closed due to max retry attempts reached.
[W 241004 10:55:58 smartWebSocketV2:343] Connection closed due to max retry attempts reached.
[W 241004 10:55:58 smartWebSocketV2:343] Connection closed due to max retry attempts reached.
[W 241004 10:55:58 smartWebSocketV2:343] Connection closed due to max retry attempts reached.
[W 241004 10:55:58 smartWebSocketV2:343] Connection closed due to max retry attempts reached.
[W 241004 10:56:32 smartWebSocketV2:319] Attempting to resubscribe/reconnect (Attempt 1)...
[W 241004 10:56:42 smartWebSocketV2:319] Attempting to resubscribe/reconnect (Attempt 2)...
[W 241004 10:56:52 smartWebSocketV2:319] Attempting to resubscribe/reconnect (Attempt 3)...
[W 241004 10:57:02 smartWebSocketV2:343] Connection closed due to max retry attempts reached.
[W 241004 10:57:02 smartWebSocketV2:343] Connection closed due to max retry attempts reached.
[W 241004 10:57:02 smartWebSocketV2:343] Connection closed due to max retry attempts reached.
[W 241004 10:57:02 smartWebSocketV2:343] Connection closed due to max retry attempts reached.
[W 241004 10:57:02 smartWebSocketV2:343] Connection closed due to max retry attempts reached.
[W 241004 10:57:13 smartWebSocketV2:319] Attempting to resubscribe/reconnect (Attempt 1)...
[W 241004 10:57:23 smartWebSocketV2:319] Attempting to resubscribe/reconnect (Attempt 2)...
[W 241004 10:57:33 smartWebSocketV2:319] Attempting to resubscribe/reconnect (Attempt 3)...
[W 241004 10:57:44 smartWebSocketV2:343] Connection closed due to max retry attempts reached.
[W 241004 10:57:44 smartWebSocketV2:343] Connection closed due to max retry attempts reached.
[W 241004 10:57:44 smartWebSocketV2:343] Connection closed due to max retry attempts reached.
[W 241004 10:57:44 smartWebSocketV2:343] Connection closed due to max retry attempts reached.
[W 241004 10:57:44 smartWebSocketV2:343] Connection closed due to max retry attempts reached.
[W 241004 10:57:55 smartWebSocketV2:319] Attempting to resubscribe/reconnect (Attempt 1)...
[W 241004 10:58:05 smartWebSocketV2:319] Attempting to resubscribe/reconnect (Attempt 2)...
[W 241004 10:58:15 smartWebSocketV2:319] Attempting to resubscribe/reconnect (Attempt 3)...
[W 241004 10:58:25 smartWebSocketV2:343] Connection closed due to max retry attempts reached.
[W 241004 10:58:25 smartWebSocketV2:343] Connection closed due to max retry attempts reached.
[W 241004 10:58:25 smartWebSocketV2:343] Connection closed due to max retry attempts reached.
[W 241004 10:58:25 smartWebSocketV2:343] Connection closed due to max retry attempts reached.
[W 241004 10:58:25 smartWebSocketV2:343] Connection closed due to max retry attempts reached.
[W 241004 11:36:32 smartWebSocketV2:319] Attempting to resubscribe/reconnect (Attempt 1)...
[W 241004 11:36:43 smartWebSocketV2:319] Attempting to resubscribe/reconnect (Attempt 2)...
[W 241004 11:36:53 smartWebSocketV2:319] Attempting to resubscribe/reconnect (Attempt 3)...
[E 241004 11:37:03 smartWebSocketV2:304] Error occurred during WebSocket connection: [Errno 22] Invalid argument
[E 241004 11:37:03 smartWebSocketV2:333] Error occurred during resubscribe/reconnect: [Errno 22] Invalid argument
[E 241004 11:37:03 smartWebSocketV2:304] Error occurred during WebSocket connection: [Errno 22] Invalid argument
[E 241004 11:37:03 smartWebSocketV2:333] Error occurred during resubscribe/reconnect: [Errno 22] Invalid argument
[E 241004 11:37:03 smartWebSocketV2:304] Error occurred during WebSocket connection: [Errno 22] Invalid argument
[E 241004 11:37:03 smartWebSocketV2:333] Error occurred during resubscribe/reconnect: [Errno 22] Invalid argument
[E 241004 11:37:03 smartWebSocketV2:304] Error occurred during WebSocket connection: [Errno 22] Invalid argument
